{"client":1,"abon":"abon_id_1","request_id":"req_id_1","latency":200,"results":{"V1":{"status":"OK","value":1},"V2":{"status":"OK","value":3},"V3":{"status":"NOT_FOUND"},"V0":{"status":"OK","value":0.030}} }
{"client":1,"abon":"abon_id_1","request_id":"req_id_1_1","latency":200,"results":{"V1":{"status":"OK","value":1},"V2":{"status":"OK","value":3},"V3":{"status":"NOT_FOUND"},"V0":{"status":"OK","value":0.060}} }
{"client":1,"abon":"abon_id_1","request_id":"req_id_1_2","latency":240,"results":{"V1":{"status":"OK","value":1},"V2":{"status":"OK","value":3},"V3":{"status":"NOT_FOUND"},"V0":{"status":"OK","value":0.450}} }
{"client":1,"abon":"abon_id_1","request_id":"req_id_1_3","latency":1350,"results":{"V1":{"status":"OK","value":1},"V2":{"status":"OK","value":3},"V3":{"status":"NOT_FOUND"},"V0":{"status":"OK","value":0.770}} }
{"client":1,"abon":"abon_id_2","request_id":"req_id_2","latency":1300,"results":{"V1":{"status":"OK","value":5},"V2":{"status":"OK","value":3},"V3":{"status":"OK","value":2},"V0":{"status":"OK","value":0.250}} }
{"client":1,"abon":"abon_id_3","request_id":"req_id_3","latency":2300,"results":{"V1":{"status":"OK","value":1},"V2":{"status":"OK","value":7},"V3":{"status":"FAIL"},"V0":{"status":"OK","value":0.090}} }
{"client":1,"abon":"abon_id_4","request_id":"req_id_4","latency":500,"results":{"V1":{"status":"NOT_FOUND"},"V2":{"status":"OK","value":2},"V3":{"status":"OK","value":2},"V0":{"status":"OK","value":0.250}} }
{"client":1,"abon":"abon_id_5","request_id":"req_id_5","latency":2300,"results":{"V1":{"status":"OK","value":3},"V2":{"status":"OK","value":4},"V3":{"status":"OK","value":5},"V0":{"status":"OK","value":0.150}} }
{"client":2,"abon":"abon_id_1","request_id":"req_id_6","latency":6300,"results":{"V9":{"status":"OK","value":1},"V2":{"status":"OK","value":1},"V3":{"status":"OK","value":2},"V0":{"status":"OK","value":0.950}} }
{"client":2,"abon":"abon_id_2","request_id":"req_id_7","latency":300,"results":{"V9":{"status":"NOT_FOUND"},"V2":{"status":"NOT_FOUND"},"V3":{"status":"NOT_FOUND"},"V0":{"status":"OK","value":0.650}} }
{"client":2,"abon":"abon_id_3","request_id":"req_id_8","latency":100,"results":{"V9":{"status":"NOT_FOUND"},"V2":{"status":"NOT_FOUND"},"V3":{"status":"NOT_FOUND"},"V0":{"status":"OK","value":0.450}} }
{"client":2,"abon":"abon_id_4","request_id":"req_id_9","latency":2300,"results":{"V9":{"status":"OK","value":6},"V2":{"status":"OK","value":5},"V3":{"status":"OK","value":6},"V0":{"status":"OK","value":0.320}} }
{"client":2,"abon":"abon_id_5","request_id":"req_id_10","latency":3340,"results":{"V9":{"status":"OK","value":2},"V2":{"status":"OK","value":3},"V3":{"status":"FAIL"},"V0":{"status":"OK","value":0.210}} }
{"client":2,"abon":"abon_id_6","request_id":"req_id_11","latency":800,"results":{"V9":{"status":"OK","value":4},"V2":{"status":"OK","value":4},"V3":{"status":"OK","value":5},"V0":{"status":"OK","value":0.020}} }
{"client":2,"abon":"abon_id_7","request_id":"req_id_12","latency":1300,"results":{"V9":{"status":"OK","value":3},"V2":{"status":"NOT_FOUND"},"V3":{"status":"OK","value":5},"V0":{"status":"OK","value":0.030}} }
{"client":3,"abon":"abon_id_1","request_id":"req_id_13","latency":1200,"results":{"V5":{"status":"OK","value":4},"V6":{"status":"OK","value":4},"V3":{"status":"OK","value":5},"V0":{"status":"OK","value":0.150}} }
{"client":3,"abon":"abon_id_2","request_id":"req_id_14","latency":1600,"results":{"V5":{"status":"FAIL"},"V6":{"status":"OK","value":4},"V3":{"status":"OK","value":5},"V0":{"status":"OK","value":0.220}} }
{"client":3,"abon":"abon_id_3","request_id":"req_id_15","latency":1900,"results":{"V5":{"status":"OK","value":1},"V6":{"status":"NOT_FOUND"},"V3":{"status":"OK","value":5},"V0":{"status":"OK","value":0.200}} }
{"client":3,"abon":"abon_id_4","request_id":"req_id_16","latency":2300,"results":{"V5":{"status":"OK","value":3},"V6":{"status":"FAIL"},"V3":{"status":"FAIL"},"V0":{"status":"OK","value":0.180}} }
{"client":3,"abon":"abon_id_5","request_id":"req_id_17","latency":3300,"results":{"V5":{"status":"OK","value":7},"V6":{"status":"OK","value":3},"V3":{"status":"OK","value":6},"V0":{"status":"OK","value":0.320}} }
{"client":3,"abon":"abon_id_6","request_id":"req_id_18","latency":6300,"results":{"V5":{"status":"OK","value":2},"V6":{"status":"OK","value":2},"V3":{"status":"OK","value":4},"V0":{"status":"OK","value":0.200}} }
{"client":3,"abon":"abon_id_6","request_id":"req_id_19_NO_FAIL","latency":2150,"results":{"V5":{"status":"OK","value":2},"V6":{"status":"OK","value":2},"V3":{"status":"OK","value":4},"V0":{"status":"OK","value":0.130}} }
{"client":3,"abon":"abon_id_6","request_id":"req_id_20","latency":2100,"results":{"V5":{"status":"OK","value":3},"V6":{"status":"OK","value":7},"V3":{"status":"OK","value":2},"V0":{"status":"OK","value":0.190}} }
{"client":3,"abon":"abon_id_6","request_id":"req_id_21","latency":2900,"results":{"V5":{"status":"OK","value":2},"V6":{"status":"OK","value":5},"V3":{"status":"OK","value":3},"V0":{"status":"OK","value":0.240}} }
{"client":3,"abon":"abon_id_6","request_id":"req_id_22","latency":2500,"results":{"V5":{"status":"OK","value":4},"V6":{"status":"OK","value":1},"V3":{"status":"OK","value":3},"V0":{"status":"OK","value":0.080}} }
{"client":3,"abon":"abon_id_6","request_id":"req_id_23","latency":1100,"results":{"V5":{"status":"OK","value":3},"V6":{"status":"OK","value":2},"V3":{"status":"OK","value":4},"V0":{"status":"OK","value":0.020}} }
{"client":3,"abon":"abon_id_6","request_id":"req_id_24","latency":100,"results":{"V5":{"status":"OK","value":4},"V6":{"status":"OK","value":2},"V3":{"status":"OK","value":5},"V0":{"status":"OK","value":0.010}} }
{"client":3,"abon":"abon_id_6","request_id":"req_id_25","latency":1100,"results":{"V5":{"status":"OK","value":3},"V6":{"status":"OK","value":3},"V3":{"status":"OK","value":3},"V0":{"status":"OK","value":0.280}} }
{"client":3,"abon":"abon_id_6","request_id":"req_id_26","latency":3100,"results":{"V5":{"status":"OK","value":1},"V6":{"status":"OK","value":6},"V3":{"status":"OK","value":4},"V0":{"status":"OK","value":0.130}} }